<?xml version="1.0" encoding="UTF-8"?>
<!-- Generated by org.testng.reporters.JUnitReportReporter -->
<testsuite skipped="0" hostname="Nilvandro-PC" name="mz.co.muianga.beginning.hibernate5.PersistenceTest" tests="2" failures="0" timestamp="2019-10-03T10:45:09 CAT" time="0.836" errors="0">
  <testcase name="readMessage" time="0.292" classname="mz.co.muianga.beginning.hibernate5.PersistenceTest"/>
  <testcase name="saveMessage" time="0.544" classname="mz.co.muianga.beginning.hibernate5.PersistenceTest"/>
</testsuite> <!-- mz.co.muianga.beginning.hibernate5.PersistenceTest -->
